<?xml version="1.0" encoding="UTF-8"?>
<testsuite name="io.ride.dao.UserDaoTest" time="90.181" tests="4" errors="4" skipped="0" failures="0">
  <properties>
    <property name="java.runtime.name" value="OpenJDK Runtime Environment"/>
    <property name="sun.boot.library.path" value="/usr/lib/jvm/java-8-openjdk-amd64/jre/lib/amd64"/>
    <property name="java.vm.version" value="25.151-b12"/>
    <property name="java.vm.vendor" value="Oracle Corporation"/>
    <property name="maven.multiModuleProjectDirectory" value="/home/ride/source/IdeaProjects/Vote"/>
    <property name="java.vendor.url" value="http://java.oracle.com/"/>
    <property name="path.separator" value=":"/>
    <property name="guice.disable.misplaced.annotation.check" value="true"/>
    <property name="java.vm.name" value="OpenJDK 64-Bit Server VM"/>
    <property name="file.encoding.pkg" value="sun.io"/>
    <property name="user.country" value="CN"/>
    <property name="sun.java.launcher" value="SUN_STANDARD"/>
    <property name="sun.os.patch.level" value="unknown"/>
    <property name="java.vm.specification.name" value="Java Virtual Machine Specification"/>
    <property name="user.dir" value="/home/ride/source/IdeaProjects/Vote"/>
    <property name="java.runtime.version" value="1.8.0_151-8u151-b12-0ubuntu0.16.04.2-b12"/>
    <property name="java.awt.graphicsenv" value="sun.awt.X11GraphicsEnvironment"/>
    <property name="java.endorsed.dirs" value="/usr/lib/jvm/java-8-openjdk-amd64/jre/lib/endorsed"/>
    <property name="os.arch" value="amd64"/>
    <property name="java.io.tmpdir" value="/tmp"/>
    <property name="line.separator" value="&#10;"/>
    <property name="java.vm.specification.vendor" value="Oracle Corporation"/>
    <property name="os.name" value="Linux"/>
    <property name="classworlds.conf" value="/usr/share/maven/bin/m2.conf"/>
    <property name="sun.jnu.encoding" value="UTF-8"/>
    <property name="java.library.path" value="/usr/java/packages/lib/amd64:/usr/lib/x86_64-linux-gnu/jni:/lib/x86_64-linux-gnu:/usr/lib/x86_64-linux-gnu:/usr/lib/jni:/lib:/usr/lib"/>
    <property name="java.specification.name" value="Java Platform API Specification"/>
    <property name="java.class.version" value="52.0"/>
    <property name="sun.management.compiler" value="HotSpot 64-Bit Tiered Compilers"/>
    <property name="os.version" value="4.13.0-26-generic"/>
    <property name="user.home" value="/home/ride"/>
    <property name="user.timezone" value="Asia/Shanghai"/>
    <property name="java.awt.printerjob" value="sun.print.PSPrinterJob"/>
    <property name="file.encoding" value="UTF-8"/>
    <property name="java.specification.version" value="1.8"/>
    <property name="user.name" value="ride"/>
    <property name="java.class.path" value="/usr/share/maven/boot/plexus-classworlds-2.x.jar"/>
    <property name="java.vm.specification.version" value="1.8"/>
    <property name="sun.arch.data.model" value="64"/>
    <property name="java.home" value="/usr/lib/jvm/java-8-openjdk-amd64/jre"/>
    <property name="sun.java.command" value="org.codehaus.plexus.classworlds.launcher.Launcher tomcat:deploy -Dmaven.test,skip=true"/>
    <property name="java.specification.vendor" value="Oracle Corporation"/>
    <property name="user.language" value="zh"/>
    <property name="awt.toolkit" value="sun.awt.X11.XToolkit"/>
    <property name="java.vm.info" value="mixed mode"/>
    <property name="java.version" value="1.8.0_151"/>
    <property name="java.ext.dirs" value="/usr/lib/jvm/java-8-openjdk-amd64/jre/lib/ext:/usr/java/packages/lib/ext"/>
    <property name="securerandom.source" value="file:/dev/./urandom"/>
    <property name="sun.boot.class.path" value="/usr/lib/jvm/java-8-openjdk-amd64/jre/lib/resources.jar:/usr/lib/jvm/java-8-openjdk-amd64/jre/lib/rt.jar:/usr/lib/jvm/java-8-openjdk-amd64/jre/lib/sunrsasign.jar:/usr/lib/jvm/java-8-openjdk-amd64/jre/lib/jsse.jar:/usr/lib/jvm/java-8-openjdk-amd64/jre/lib/jce.jar:/usr/lib/jvm/java-8-openjdk-amd64/jre/lib/charsets.jar:/usr/lib/jvm/java-8-openjdk-amd64/jre/lib/jfr.jar:/usr/lib/jvm/java-8-openjdk-amd64/jre/classes"/>
    <property name="java.vendor" value="Oracle Corporation"/>
    <property name="maven.home" value="/usr/share/maven"/>
    <property name="file.separator" value="/"/>
    <property name="java.vendor.url.bug" value="http://bugreport.sun.com/bugreport/"/>
    <property name="sun.cpu.endian" value="little"/>
    <property name="sun.io.unicode.encoding" value="UnicodeLittle"/>
    <property name="maven.test,skip" value="true"/>
    <property name="sun.desktop" value="gnome"/>
    <property name="sun.cpu.isalist" value=""/>
  </properties>
  <testcase name="queryAll" classname="io.ride.dao.UserDaoTest" time="30.163">
    <error message="Connections could not be acquired from the underlying database!" type="java.sql.SQLException">java.sql.SQLException: Connections could not be acquired from the underlying database!
	at com.mchange.v2.resourcepool.BasicResourcePool.awaitAvailable(BasicResourcePool.java:1469)
	at com.mchange.v2.resourcepool.BasicResourcePool.prelimCheckoutResource(BasicResourcePool.java:644)
	at com.mchange.v2.resourcepool.BasicResourcePool.checkoutResource(BasicResourcePool.java:554)
	at com.mchange.v2.c3p0.impl.C3P0PooledConnectionPool.checkoutAndMarkConnectionInUse(C3P0PooledConnectionPool.java:758)
	at com.mchange.v2.c3p0.impl.C3P0PooledConnectionPool.checkoutPooledConnection(C3P0PooledConnectionPool.java:685)
	at com.mchange.v2.c3p0.impl.AbstractPoolBackedDataSource.getConnection(AbstractPoolBackedDataSource.java:140)
	at org.apache.commons.dbutils.AbstractQueryRunner.prepareConnection(AbstractQueryRunner.java:204)
	at org.apache.commons.dbutils.QueryRunner.query(QueryRunner.java:305)
	at io.ride.dao.UserDao.queryAll(UserDao.java:34)
	at io.ride.dao.UserDaoTest.queryAll(UserDaoTest.java:14)
Caused by: java.lang.NullPointerException: null
	at com.mysql.fabric.jdbc.FabricMySQLDriver.parseFabricURL(FabricMySQLDriver.java:97)
	at com.mysql.fabric.jdbc.FabricMySQLDriver.acceptsURL(FabricMySQLDriver.java:93)
	at java.sql.DriverManager.getDriver(DriverManager.java:299)
	at com.mchange.v2.c3p0.DriverManagerDataSource.driver(DriverManagerDataSource.java:285)
	at com.mchange.v2.c3p0.DriverManagerDataSource.getConnection(DriverManagerDataSource.java:161)
	at com.mchange.v2.c3p0.WrapperConnectionPoolDataSource.getPooledConnection(WrapperConnectionPoolDataSource.java:161)
	at com.mchange.v2.c3p0.WrapperConnectionPoolDataSource.getPooledConnection(WrapperConnectionPoolDataSource.java:147)
	at com.mchange.v2.c3p0.impl.C3P0PooledConnectionPool$1PooledConnectionResourcePoolManager.acquireResource(C3P0PooledConnectionPool.java:202)
	at com.mchange.v2.resourcepool.BasicResourcePool.doAcquire(BasicResourcePool.java:1138)
	at com.mchange.v2.resourcepool.BasicResourcePool.doAcquireAndDecrementPendingAcquiresWithinLockOnSuccess(BasicResourcePool.java:1125)
	at com.mchange.v2.resourcepool.BasicResourcePool.access$700(BasicResourcePool.java:44)
	at com.mchange.v2.resourcepool.BasicResourcePool$ScatteredAcquireTask.run(BasicResourcePool.java:1870)
	at com.mchange.v2.async.ThreadPoolAsynchronousRunner$PoolThread.run(ThreadPoolAsynchronousRunner.java:696)
</error>
    <system-err><![CDATA[一月 30, 2018 1:44:28 下午 com.mchange.v2.log.MLog 
信息: MLog clients using java 1.4+ standard logging.
一月 30, 2018 1:44:28 下午 com.mchange.v2.c3p0.C3P0Registry 
信息: Initializing c3p0-0.9.5.2 [built 08-December-2015 22:06:04 -0800; debug? true; trace: 10]
java.io.FileNotFoundException: /home/ride/source/IdeaProjects/Vote/target/test-classes/jdbc.properties (没有那个文件或目录)
	at java.io.FileInputStream.open0(Native Method)
	at java.io.FileInputStream.open(FileInputStream.java:195)
	at java.io.FileInputStream.<init>(FileInputStream.java:138)
	at java.io.FileInputStream.<init>(FileInputStream.java:93)
	at io.ride.util.DatabaseUitl.<clinit>(DatabaseUitl.java:23)
	at io.ride.dao.BaseDao.<init>(BaseDao.java:9)
	at io.ride.dao.UserDao.<init>(UserDao.java:11)
	at io.ride.dao.UserDaoTest.<init>(UserDaoTest.java:10)
	at sun.reflect.NativeConstructorAccessorImpl.newInstance0(Native Method)
	at sun.reflect.NativeConstructorAccessorImpl.newInstance(NativeConstructorAccessorImpl.java:62)
	at sun.reflect.DelegatingConstructorAccessorImpl.newInstance(DelegatingConstructorAccessorImpl.java:45)
	at java.lang.reflect.Constructor.newInstance(Constructor.java:423)
	at org.junit.runners.BlockJUnit4ClassRunner.createTest(BlockJUnit4ClassRunner.java:217)
	at org.junit.runners.BlockJUnit4ClassRunner$1.runReflectiveCall(BlockJUnit4ClassRunner.java:266)
	at org.junit.internal.runners.model.ReflectiveCallable.run(ReflectiveCallable.java:12)
	at org.junit.runners.BlockJUnit4ClassRunner.methodBlock(BlockJUnit4ClassRunner.java:263)
	at org.junit.runners.BlockJUnit4ClassRunner.runChild(BlockJUnit4ClassRunner.java:78)
	at org.junit.runners.BlockJUnit4ClassRunner.runChild(BlockJUnit4ClassRunner.java:57)
	at org.junit.runners.ParentRunner$3.run(ParentRunner.java:290)
	at org.junit.runners.ParentRunner$1.schedule(ParentRunner.java:71)
	at org.junit.runners.ParentRunner.runChildren(ParentRunner.java:288)
	at org.junit.runners.ParentRunner.access$000(ParentRunner.java:58)
	at org.junit.runners.ParentRunner$2.evaluate(ParentRunner.java:268)
	at org.junit.runners.ParentRunner.run(ParentRunner.java:363)
	at org.apache.maven.surefire.junit4.JUnit4Provider.execute(JUnit4Provider.java:264)
	at org.apache.maven.surefire.junit4.JUnit4Provider.executeTestSet(JUnit4Provider.java:153)
	at org.apache.maven.surefire.junit4.JUnit4Provider.invoke(JUnit4Provider.java:124)
	at org.apache.maven.surefire.booter.ForkedBooter.invokeProviderInSameClassLoader(ForkedBooter.java:200)
	at org.apache.maven.surefire.booter.ForkedBooter.runSuitesInProcess(ForkedBooter.java:153)
	at org.apache.maven.surefire.booter.ForkedBooter.main(ForkedBooter.java:103)
一月 30, 2018 1:44:29 下午 com.mchange.v2.c3p0.impl.AbstractPoolBackedDataSource 
信息: Initializing c3p0 pool... com.mchange.v2.c3p0.ComboPooledDataSource [ acquireIncrement -> 3, acquireRetryAttempts -> 30, acquireRetryDelay -> 1000, autoCommitOnClose -> false, automaticTestTable -> null, breakAfterAcquireFailure -> false, checkoutTimeout -> 0, connectionCustomizerClassName -> null, connectionTesterClassName -> com.mchange.v2.c3p0.impl.DefaultConnectionTester, contextClassLoaderSource -> caller, dataSourceName -> z8kfsx9tjb60ag4ad4tv|11531931, debugUnreturnedConnectionStackTraces -> false, description -> null, driverClass -> null, extensions -> {}, factoryClassLocation -> null, forceIgnoreUnresolvedTransactions -> false, forceSynchronousCheckins -> false, forceUseNamedDriverClass -> false, identityToken -> z8kfsx9tjb60ag4ad4tv|11531931, idleConnectionTestPeriod -> 0, initialPoolSize -> 3, jdbcUrl -> null, maxAdministrativeTaskTime -> 0, maxConnectionAge -> 0, maxIdleTime -> 0, maxIdleTimeExcessConnections -> 0, maxPoolSize -> 15, maxStatements -> 0, maxStatementsPerConnection -> 0, minPoolSize -> 3, numHelperThreads -> 3, preferredTestQuery -> null, privilegeSpawnedThreads -> false, properties -> {}, propertyCycle -> 0, statementCacheNumDeferredCloseThreads -> 0, testConnectionOnCheckin -> false, testConnectionOnCheckout -> false, unreturnedConnectionTimeout -> 0, userOverrides -> {}, usesTraditionalReflectiveProxies -> false ]
一月 30, 2018 1:44:59 下午 com.mchange.v2.resourcepool.BasicResourcePool 
警告: com.mchange.v2.resourcepool.BasicResourcePool$ScatteredAcquireTask@5d5622ba -- Acquisition Attempt Failed!!! Clearing pending acquires. While trying to acquire a needed new resource, we failed to succeed more than the maximum number of allowed acquisition attempts (30). Last acquisition attempt exception: 
java.lang.NullPointerException
	at com.mysql.fabric.jdbc.FabricMySQLDriver.parseFabricURL(FabricMySQLDriver.java:97)
	at com.mysql.fabric.jdbc.FabricMySQLDriver.acceptsURL(FabricMySQLDriver.java:93)
	at java.sql.DriverManager.getDriver(DriverManager.java:299)
	at com.mchange.v2.c3p0.DriverManagerDataSource.driver(DriverManagerDataSource.java:285)
	at com.mchange.v2.c3p0.DriverManagerDataSource.getConnection(DriverManagerDataSource.java:161)
	at com.mchange.v2.c3p0.WrapperConnectionPoolDataSource.getPooledConnection(WrapperConnectionPoolDataSource.java:161)
	at com.mchange.v2.c3p0.WrapperConnectionPoolDataSource.getPooledConnection(WrapperConnectionPoolDataSource.java:147)
	at com.mchange.v2.c3p0.impl.C3P0PooledConnectionPool$1PooledConnectionResourcePoolManager.acquireResource(C3P0PooledConnectionPool.java:202)
	at com.mchange.v2.resourcepool.BasicResourcePool.doAcquire(BasicResourcePool.java:1138)
	at com.mchange.v2.resourcepool.BasicResourcePool.doAcquireAndDecrementPendingAcquiresWithinLockOnSuccess(BasicResourcePool.java:1125)
	at com.mchange.v2.resourcepool.BasicResourcePool.access$700(BasicResourcePool.java:44)
	at com.mchange.v2.resourcepool.BasicResourcePool$ScatteredAcquireTask.run(BasicResourcePool.java:1870)
	at com.mchange.v2.async.ThreadPoolAsynchronousRunner$PoolThread.run(ThreadPoolAsynchronousRunner.java:696)

一月 30, 2018 1:44:59 下午 com.mchange.v2.resourcepool.BasicResourcePool 
警告: Having failed to acquire a resource, com.mchange.v2.resourcepool.BasicResourcePool@204f30ec is interrupting all Threads waiting on a resource to check out. Will try again in response to new client requests.
一月 30, 2018 1:44:59 下午 com.mchange.v2.resourcepool.BasicResourcePool 
警告: com.mchange.v2.resourcepool.BasicResourcePool$ScatteredAcquireTask@16f03d14 -- Acquisition Attempt Failed!!! Clearing pending acquires. While trying to acquire a needed new resource, we failed to succeed more than the maximum number of allowed acquisition attempts (30). Last acquisition attempt exception: 
java.lang.NullPointerException
	at com.mysql.fabric.jdbc.FabricMySQLDriver.parseFabricURL(FabricMySQLDriver.java:97)
	at com.mysql.fabric.jdbc.FabricMySQLDriver.acceptsURL(FabricMySQLDriver.java:93)
	at java.sql.DriverManager.getDriver(DriverManager.java:299)
	at com.mchange.v2.c3p0.DriverManagerDataSource.driver(DriverManagerDataSource.java:285)
	at com.mchange.v2.c3p0.DriverManagerDataSource.getConnection(DriverManagerDataSource.java:161)
	at com.mchange.v2.c3p0.WrapperConnectionPoolDataSource.getPooledConnection(WrapperConnectionPoolDataSource.java:161)
	at com.mchange.v2.c3p0.WrapperConnectionPoolDataSource.getPooledConnection(WrapperConnectionPoolDataSource.java:147)
	at com.mchange.v2.c3p0.impl.C3P0PooledConnectionPool$1PooledConnectionResourcePoolManager.acquireResource(C3P0PooledConnectionPool.java:202)
	at com.mchange.v2.resourcepool.BasicResourcePool.doAcquire(BasicResourcePool.java:1138)
	at com.mchange.v2.resourcepool.BasicResourcePool.doAcquireAndDecrementPendingAcquiresWithinLockOnSuccess(BasicResourcePool.java:1125)
	at com.mchange.v2.resourcepool.BasicResourcePool.access$700(BasicResourcePool.java:44)
	at com.mchange.v2.resourcepool.BasicResourcePool$ScatteredAcquireTask.run(BasicResourcePool.java:1870)
	at com.mchange.v2.async.ThreadPoolAsynchronousRunner$PoolThread.run(ThreadPoolAsynchronousRunner.java:696)

一月 30, 2018 1:44:59 下午 com.mchange.v2.resourcepool.BasicResourcePool 
警告: Having failed to acquire a resource, com.mchange.v2.resourcepool.BasicResourcePool@204f30ec is interrupting all Threads waiting on a resource to check out. Will try again in response to new client requests.
]]></system-err>
  </testcase>
  <testcase name="validateAccount" classname="io.ride.dao.UserDaoTest" time="29.985">
    <error message="Connections could not be acquired from the underlying database!" type="java.sql.SQLException">java.sql.SQLException: Connections could not be acquired from the underlying database!
	at com.mchange.v2.resourcepool.BasicResourcePool.awaitAvailable(BasicResourcePool.java:1469)
	at com.mchange.v2.resourcepool.BasicResourcePool.prelimCheckoutResource(BasicResourcePool.java:644)
	at com.mchange.v2.resourcepool.BasicResourcePool.checkoutResource(BasicResourcePool.java:554)
	at com.mchange.v2.c3p0.impl.C3P0PooledConnectionPool.checkoutAndMarkConnectionInUse(C3P0PooledConnectionPool.java:758)
	at com.mchange.v2.c3p0.impl.C3P0PooledConnectionPool.checkoutPooledConnection(C3P0PooledConnectionPool.java:685)
	at com.mchange.v2.c3p0.impl.AbstractPoolBackedDataSource.getConnection(AbstractPoolBackedDataSource.java:140)
	at org.apache.commons.dbutils.AbstractQueryRunner.prepareConnection(AbstractQueryRunner.java:204)
	at org.apache.commons.dbutils.QueryRunner.query(QueryRunner.java:287)
	at io.ride.dao.UserDao.validateAccount(UserDao.java:88)
	at io.ride.dao.UserDaoTest.validateAccount(UserDaoTest.java:19)
Caused by: java.lang.NullPointerException: null
	at com.mysql.fabric.jdbc.FabricMySQLDriver.parseFabricURL(FabricMySQLDriver.java:97)
	at com.mysql.fabric.jdbc.FabricMySQLDriver.acceptsURL(FabricMySQLDriver.java:93)
	at java.sql.DriverManager.getDriver(DriverManager.java:299)
	at com.mchange.v2.c3p0.DriverManagerDataSource.driver(DriverManagerDataSource.java:285)
	at com.mchange.v2.c3p0.DriverManagerDataSource.getConnection(DriverManagerDataSource.java:161)
	at com.mchange.v2.c3p0.WrapperConnectionPoolDataSource.getPooledConnection(WrapperConnectionPoolDataSource.java:161)
	at com.mchange.v2.c3p0.WrapperConnectionPoolDataSource.getPooledConnection(WrapperConnectionPoolDataSource.java:147)
	at com.mchange.v2.c3p0.impl.C3P0PooledConnectionPool$1PooledConnectionResourcePoolManager.acquireResource(C3P0PooledConnectionPool.java:202)
	at com.mchange.v2.resourcepool.BasicResourcePool.doAcquire(BasicResourcePool.java:1138)
	at com.mchange.v2.resourcepool.BasicResourcePool.doAcquireAndDecrementPendingAcquiresWithinLockOnSuccess(BasicResourcePool.java:1125)
	at com.mchange.v2.resourcepool.BasicResourcePool.access$700(BasicResourcePool.java:44)
	at com.mchange.v2.resourcepool.BasicResourcePool$ScatteredAcquireTask.run(BasicResourcePool.java:1870)
	at com.mchange.v2.async.ThreadPoolAsynchronousRunner$PoolThread.run(ThreadPoolAsynchronousRunner.java:696)
</error>
    <system-err><![CDATA[一月 30, 2018 1:45:29 下午 com.mchange.v2.resourcepool.BasicResourcePool 
警告: com.mchange.v2.resourcepool.BasicResourcePool$ScatteredAcquireTask@3841fbec -- Acquisition Attempt Failed!!! Clearing pending acquires. While trying to acquire a needed new resource, we failed to succeed more than the maximum number of allowed acquisition attempts (30). Last acquisition attempt exception: 
java.lang.NullPointerException
	at com.mysql.fabric.jdbc.FabricMySQLDriver.parseFabricURL(FabricMySQLDriver.java:97)
	at com.mysql.fabric.jdbc.FabricMySQLDriver.acceptsURL(FabricMySQLDriver.java:93)
	at java.sql.DriverManager.getDriver(DriverManager.java:299)
	at com.mchange.v2.c3p0.DriverManagerDataSource.driver(DriverManagerDataSource.java:285)
	at com.mchange.v2.c3p0.DriverManagerDataSource.getConnection(DriverManagerDataSource.java:161)
	at com.mchange.v2.c3p0.WrapperConnectionPoolDataSource.getPooledConnection(WrapperConnectionPoolDataSource.java:161)
	at com.mchange.v2.c3p0.WrapperConnectionPoolDataSource.getPooledConnection(WrapperConnectionPoolDataSource.java:147)
	at com.mchange.v2.c3p0.impl.C3P0PooledConnectionPool$1PooledConnectionResourcePoolManager.acquireResource(C3P0PooledConnectionPool.java:202)
	at com.mchange.v2.resourcepool.BasicResourcePool.doAcquire(BasicResourcePool.java:1138)
	at com.mchange.v2.resourcepool.BasicResourcePool.doAcquireAndDecrementPendingAcquiresWithinLockOnSuccess(BasicResourcePool.java:1125)
	at com.mchange.v2.resourcepool.BasicResourcePool.access$700(BasicResourcePool.java:44)
	at com.mchange.v2.resourcepool.BasicResourcePool$ScatteredAcquireTask.run(BasicResourcePool.java:1870)
	at com.mchange.v2.async.ThreadPoolAsynchronousRunner$PoolThread.run(ThreadPoolAsynchronousRunner.java:696)

一月 30, 2018 1:45:29 下午 com.mchange.v2.resourcepool.BasicResourcePool 
警告: com.mchange.v2.resourcepool.BasicResourcePool$ScatteredAcquireTask@69d7bac3 -- Acquisition Attempt Failed!!! Clearing pending acquires. While trying to acquire a needed new resource, we failed to succeed more than the maximum number of allowed acquisition attempts (30). Last acquisition attempt exception: 
java.lang.NullPointerException
	at com.mysql.fabric.jdbc.FabricMySQLDriver.parseFabricURL(FabricMySQLDriver.java:97)
	at com.mysql.fabric.jdbc.FabricMySQLDriver.acceptsURL(FabricMySQLDriver.java:93)
	at java.sql.DriverManager.getDriver(DriverManager.java:299)
	at com.mchange.v2.c3p0.DriverManagerDataSource.driver(DriverManagerDataSource.java:285)
	at com.mchange.v2.c3p0.DriverManagerDataSource.getConnection(DriverManagerDataSource.java:161)
	at com.mchange.v2.c3p0.WrapperConnectionPoolDataSource.getPooledConnection(WrapperConnectionPoolDataSource.java:161)
	at com.mchange.v2.c3p0.WrapperConnectionPoolDataSource.getPooledConnection(WrapperConnectionPoolDataSource.java:147)
	at com.mchange.v2.c3p0.impl.C3P0PooledConnectionPool$1PooledConnectionResourcePoolManager.acquireResource(C3P0PooledConnectionPool.java:202)
	at com.mchange.v2.resourcepool.BasicResourcePool.doAcquire(BasicResourcePool.java:1138)
	at com.mchange.v2.resourcepool.BasicResourcePool.doAcquireAndDecrementPendingAcquiresWithinLockOnSuccess(BasicResourcePool.java:1125)
	at com.mchange.v2.resourcepool.BasicResourcePool.access$700(BasicResourcePool.java:44)
	at com.mchange.v2.resourcepool.BasicResourcePool$ScatteredAcquireTask.run(BasicResourcePool.java:1870)
	at com.mchange.v2.async.ThreadPoolAsynchronousRunner$PoolThread.run(ThreadPoolAsynchronousRunner.java:696)

一月 30, 2018 1:45:29 下午 com.mchange.v2.resourcepool.BasicResourcePool 
警告: Having failed to acquire a resource, com.mchange.v2.resourcepool.BasicResourcePool@204f30ec is interrupting all Threads waiting on a resource to check out. Will try again in response to new client requests.
]]></system-err>
  </testcase>
  <testcase name="queryLimit" classname="io.ride.dao.UserDaoTest" time="30.027">
    <error message="Connections could not be acquired from the underlying database!" type="java.sql.SQLException">java.sql.SQLException: Connections could not be acquired from the underlying database!
	at com.mchange.v2.resourcepool.BasicResourcePool.awaitAvailable(BasicResourcePool.java:1469)
	at com.mchange.v2.resourcepool.BasicResourcePool.prelimCheckoutResource(BasicResourcePool.java:644)
	at com.mchange.v2.resourcepool.BasicResourcePool.checkoutResource(BasicResourcePool.java:554)
	at com.mchange.v2.c3p0.impl.C3P0PooledConnectionPool.checkoutAndMarkConnectionInUse(C3P0PooledConnectionPool.java:758)
	at com.mchange.v2.c3p0.impl.C3P0PooledConnectionPool.checkoutPooledConnection(C3P0PooledConnectionPool.java:685)
	at com.mchange.v2.c3p0.impl.AbstractPoolBackedDataSource.getConnection(AbstractPoolBackedDataSource.java:140)
	at org.apache.commons.dbutils.AbstractQueryRunner.prepareConnection(AbstractQueryRunner.java:204)
	at org.apache.commons.dbutils.QueryRunner.query(QueryRunner.java:287)
	at io.ride.dao.UserDao.queryLimit(UserDao.java:39)
	at io.ride.dao.UserDaoTest.queryLimit(UserDaoTest.java:30)
Caused by: java.lang.NullPointerException: null
	at com.mysql.fabric.jdbc.FabricMySQLDriver.parseFabricURL(FabricMySQLDriver.java:97)
	at com.mysql.fabric.jdbc.FabricMySQLDriver.acceptsURL(FabricMySQLDriver.java:93)
	at java.sql.DriverManager.getDriver(DriverManager.java:299)
	at com.mchange.v2.c3p0.DriverManagerDataSource.driver(DriverManagerDataSource.java:285)
	at com.mchange.v2.c3p0.DriverManagerDataSource.getConnection(DriverManagerDataSource.java:161)
	at com.mchange.v2.c3p0.WrapperConnectionPoolDataSource.getPooledConnection(WrapperConnectionPoolDataSource.java:161)
	at com.mchange.v2.c3p0.WrapperConnectionPoolDataSource.getPooledConnection(WrapperConnectionPoolDataSource.java:147)
	at com.mchange.v2.c3p0.impl.C3P0PooledConnectionPool$1PooledConnectionResourcePoolManager.acquireResource(C3P0PooledConnectionPool.java:202)
	at com.mchange.v2.resourcepool.BasicResourcePool.doAcquire(BasicResourcePool.java:1138)
	at com.mchange.v2.resourcepool.BasicResourcePool.doAcquireAndDecrementPendingAcquiresWithinLockOnSuccess(BasicResourcePool.java:1125)
	at com.mchange.v2.resourcepool.BasicResourcePool.access$700(BasicResourcePool.java:44)
	at com.mchange.v2.resourcepool.BasicResourcePool$ScatteredAcquireTask.run(BasicResourcePool.java:1870)
	at com.mchange.v2.async.ThreadPoolAsynchronousRunner$PoolThread.run(ThreadPoolAsynchronousRunner.java:696)
</error>
    <system-err><![CDATA[一月 30, 2018 1:45:29 下午 com.mchange.v2.resourcepool.BasicResourcePool 
警告: Having failed to acquire a resource, com.mchange.v2.resourcepool.BasicResourcePool@204f30ec is interrupting all Threads waiting on a resource to check out. Will try again in response to new client requests.
一月 30, 2018 1:45:59 下午 com.mchange.v2.resourcepool.BasicResourcePool 
警告: com.mchange.v2.resourcepool.BasicResourcePool$ScatteredAcquireTask@632fd1b3 -- Acquisition Attempt Failed!!! Clearing pending acquires. While trying to acquire a needed new resource, we failed to succeed more than the maximum number of allowed acquisition attempts (30). Last acquisition attempt exception: 
java.lang.NullPointerException
	at com.mysql.fabric.jdbc.FabricMySQLDriver.parseFabricURL(FabricMySQLDriver.java:97)
	at com.mysql.fabric.jdbc.FabricMySQLDriver.acceptsURL(FabricMySQLDriver.java:93)
	at java.sql.DriverManager.getDriver(DriverManager.java:299)
	at com.mchange.v2.c3p0.DriverManagerDataSource.driver(DriverManagerDataSource.java:285)
	at com.mchange.v2.c3p0.DriverManagerDataSource.getConnection(DriverManagerDataSource.java:161)
	at com.mchange.v2.c3p0.WrapperConnectionPoolDataSource.getPooledConnection(WrapperConnectionPoolDataSource.java:161)
	at com.mchange.v2.c3p0.WrapperConnectionPoolDataSource.getPooledConnection(WrapperConnectionPoolDataSource.java:147)
	at com.mchange.v2.c3p0.impl.C3P0PooledConnectionPool$1PooledConnectionResourcePoolManager.acquireResource(C3P0PooledConnectionPool.java:202)
	at com.mchange.v2.resourcepool.BasicResourcePool.doAcquire(BasicResourcePool.java:1138)
	at com.mchange.v2.resourcepool.BasicResourcePool.doAcquireAndDecrementPendingAcquiresWithinLockOnSuccess(BasicResourcePool.java:1125)
	at com.mchange.v2.resourcepool.BasicResourcePool.access$700(BasicResourcePool.java:44)
	at com.mchange.v2.resourcepool.BasicResourcePool$ScatteredAcquireTask.run(BasicResourcePool.java:1870)
	at com.mchange.v2.async.ThreadPoolAsynchronousRunner$PoolThread.run(ThreadPoolAsynchronousRunner.java:696)

一月 30, 2018 1:45:59 下午 com.mchange.v2.resourcepool.BasicResourcePool 
警告: com.mchange.v2.resourcepool.BasicResourcePool$ScatteredAcquireTask@1c6b2881 -- Acquisition Attempt Failed!!! Clearing pending acquires. While trying to acquire a needed new resource, we failed to succeed more than the maximum number of allowed acquisition attempts (30). Last acquisition attempt exception: 
java.lang.NullPointerException
	at com.mysql.fabric.jdbc.FabricMySQLDriver.parseFabricURL(FabricMySQLDriver.java:97)
	at com.mysql.fabric.jdbc.FabricMySQLDriver.acceptsURL(FabricMySQLDriver.java:93)
	at java.sql.DriverManager.getDriver(DriverManager.java:299)
	at com.mchange.v2.c3p0.DriverManagerDataSource.driver(DriverManagerDataSource.java:285)
	at com.mchange.v2.c3p0.DriverManagerDataSource.getConnection(DriverManagerDataSource.java:161)
	at com.mchange.v2.c3p0.WrapperConnectionPoolDataSource.getPooledConnection(WrapperConnectionPoolDataSource.java:161)
	at com.mchange.v2.c3p0.WrapperConnectionPoolDataSource.getPooledConnection(WrapperConnectionPoolDataSource.java:147)
	at com.mchange.v2.c3p0.impl.C3P0PooledConnectionPool$1PooledConnectionResourcePoolManager.acquireResource(C3P0PooledConnectionPool.java:202)
	at com.mchange.v2.resourcepool.BasicResourcePool.doAcquire(BasicResourcePool.java:1138)
	at com.mchange.v2.resourcepool.BasicResourcePool.doAcquireAndDecrementPendingAcquiresWithinLockOnSuccess(BasicResourcePool.java:1125)
	at com.mchange.v2.resourcepool.BasicResourcePool.access$700(BasicResourcePool.java:44)
	at com.mchange.v2.resourcepool.BasicResourcePool$ScatteredAcquireTask.run(BasicResourcePool.java:1870)
	at com.mchange.v2.async.ThreadPoolAsynchronousRunner$PoolThread.run(ThreadPoolAsynchronousRunner.java:696)

一月 30, 2018 1:45:59 下午 com.mchange.v2.resourcepool.BasicResourcePool 
警告: Having failed to acquire a resource, com.mchange.v2.resourcepool.BasicResourcePool@204f30ec is interrupting all Threads waiting on a resource to check out. Will try again in response to new client requests.
]]></system-err>
  </testcase>
  <testcase name="count" classname="io.ride.dao.UserDaoTest" time="0.006">
    <error message="Connections could not be acquired from the underlying database!" type="java.sql.SQLException">java.sql.SQLException: Connections could not be acquired from the underlying database!
	at com.mchange.v2.resourcepool.BasicResourcePool.awaitAvailable(BasicResourcePool.java:1469)
	at com.mchange.v2.resourcepool.BasicResourcePool.prelimCheckoutResource(BasicResourcePool.java:644)
	at com.mchange.v2.resourcepool.BasicResourcePool.checkoutResource(BasicResourcePool.java:554)
	at com.mchange.v2.c3p0.impl.C3P0PooledConnectionPool.checkoutAndMarkConnectionInUse(C3P0PooledConnectionPool.java:758)
	at com.mchange.v2.c3p0.impl.C3P0PooledConnectionPool.checkoutPooledConnection(C3P0PooledConnectionPool.java:685)
	at com.mchange.v2.c3p0.impl.AbstractPoolBackedDataSource.getConnection(AbstractPoolBackedDataSource.java:140)
	at org.apache.commons.dbutils.AbstractQueryRunner.prepareConnection(AbstractQueryRunner.java:204)
	at org.apache.commons.dbutils.QueryRunner.query(QueryRunner.java:305)
	at io.ride.dao.UserDao.count(UserDao.java:93)
	at io.ride.dao.UserDaoTest.count(UserDaoTest.java:25)
Caused by: java.lang.NullPointerException: null
	at com.mysql.fabric.jdbc.FabricMySQLDriver.parseFabricURL(FabricMySQLDriver.java:97)
	at com.mysql.fabric.jdbc.FabricMySQLDriver.acceptsURL(FabricMySQLDriver.java:93)
	at java.sql.DriverManager.getDriver(DriverManager.java:299)
	at com.mchange.v2.c3p0.DriverManagerDataSource.driver(DriverManagerDataSource.java:285)
	at com.mchange.v2.c3p0.DriverManagerDataSource.getConnection(DriverManagerDataSource.java:161)
	at com.mchange.v2.c3p0.WrapperConnectionPoolDataSource.getPooledConnection(WrapperConnectionPoolDataSource.java:161)
	at com.mchange.v2.c3p0.WrapperConnectionPoolDataSource.getPooledConnection(WrapperConnectionPoolDataSource.java:147)
	at com.mchange.v2.c3p0.impl.C3P0PooledConnectionPool$1PooledConnectionResourcePoolManager.acquireResource(C3P0PooledConnectionPool.java:202)
	at com.mchange.v2.resourcepool.BasicResourcePool.doAcquire(BasicResourcePool.java:1138)
	at com.mchange.v2.resourcepool.BasicResourcePool.doAcquireAndDecrementPendingAcquiresWithinLockOnSuccess(BasicResourcePool.java:1125)
	at com.mchange.v2.resourcepool.BasicResourcePool.access$700(BasicResourcePool.java:44)
	at com.mchange.v2.resourcepool.BasicResourcePool$ScatteredAcquireTask.run(BasicResourcePool.java:1870)
	at com.mchange.v2.async.ThreadPoolAsynchronousRunner$PoolThread.run(ThreadPoolAsynchronousRunner.java:696)
</error>
    <system-err><![CDATA[一月 30, 2018 1:45:59 下午 com.mchange.v2.resourcepool.BasicResourcePool 
警告: Having failed to acquire a resource, com.mchange.v2.resourcepool.BasicResourcePool@204f30ec is interrupting all Threads waiting on a resource to check out. Will try again in response to new client requests.
一月 30, 2018 1:45:59 下午 com.mchange.v2.resourcepool.BasicResourcePool 
警告: com.mchange.v2.resourcepool.BasicResourcePool$ScatteredAcquireTask@4cfef095 -- Acquisition Attempt Failed!!! Clearing pending acquires. While trying to acquire a needed new resource, we failed to succeed more than the maximum number of allowed acquisition attempts (30). Last acquisition attempt exception: 
java.lang.NullPointerException
	at com.mysql.fabric.jdbc.FabricMySQLDriver.parseFabricURL(FabricMySQLDriver.java:97)
	at com.mysql.fabric.jdbc.FabricMySQLDriver.acceptsURL(FabricMySQLDriver.java:93)
	at java.sql.DriverManager.getDriver(DriverManager.java:299)
	at com.mchange.v2.c3p0.DriverManagerDataSource.driver(DriverManagerDataSource.java:285)
	at com.mchange.v2.c3p0.DriverManagerDataSource.getConnection(DriverManagerDataSource.java:161)
	at com.mchange.v2.c3p0.WrapperConnectionPoolDataSource.getPooledConnection(WrapperConnectionPoolDataSource.java:161)
	at com.mchange.v2.c3p0.WrapperConnectionPoolDataSource.getPooledConnection(WrapperConnectionPoolDataSource.java:147)
	at com.mchange.v2.c3p0.impl.C3P0PooledConnectionPool$1PooledConnectionResourcePoolManager.acquireResource(C3P0PooledConnectionPool.java:202)
	at com.mchange.v2.resourcepool.BasicResourcePool.doAcquire(BasicResourcePool.java:1138)
	at com.mchange.v2.resourcepool.BasicResourcePool.doAcquireAndDecrementPendingAcquiresWithinLockOnSuccess(BasicResourcePool.java:1125)
	at com.mchange.v2.resourcepool.BasicResourcePool.access$700(BasicResourcePool.java:44)
	at com.mchange.v2.resourcepool.BasicResourcePool$ScatteredAcquireTask.run(BasicResourcePool.java:1870)
	at com.mchange.v2.async.ThreadPoolAsynchronousRunner$PoolThread.run(ThreadPoolAsynchronousRunner.java:696)

一月 30, 2018 1:45:59 下午 com.mchange.v2.resourcepool.BasicResourcePool 
警告: Having failed to acquire a resource, com.mchange.v2.resourcepool.BasicResourcePool@204f30ec is interrupting all Threads waiting on a resource to check out. Will try again in response to new client requests.
]]></system-err>
  </testcase>
</testsuite>